2023-03-26 12:56:10,327 INFO  [restartedMain] mx.gob.imss.cit.vcvd.correo.MsvcvdCorreoApplication : Starting MsvcvdCorreoApplication on DESKTOP-LLT2J66 with PID 5524 (C:\Users\Desarrollo\git\msvcvd-correo\target\classes started by Desarrollo in C:\Users\Desarrollo\git\msvcvd-correo)
2023-03-26 12:56:10,327 DEBUG [restartedMain] mx.gob.imss.cit.vcvd.correo.MsvcvdCorreoApplication : Running with Spring Boot v2.2.11.RELEASE, Spring v5.2.10.RELEASE
2023-03-26 12:56:10,328 INFO  [restartedMain] mx.gob.imss.cit.vcvd.correo.MsvcvdCorreoApplication : No active profile set, falling back to default profiles: default
2023-03-26 12:56:10,648 INFO  [restartedMain] org.springframework.boot.web.embedded.tomcat.TomcatWebServer : Tomcat initialized with port(s): 8080 (http)
2023-03-26 12:56:10,649 INFO  [restartedMain] org.apache.catalina.core.StandardService : Starting service [Tomcat]
2023-03-26 12:56:10,649 INFO  [restartedMain] org.apache.catalina.core.StandardEngine : Starting Servlet engine: [Apache Tomcat/9.0.39]
2023-03-26 12:56:10,662 INFO  [restartedMain] org.apache.catalina.core.ContainerBase.[Tomcat-1].[localhost].[/msvcvd-correo/v1] : Initializing Spring embedded WebApplicationContext
2023-03-26 12:56:10,662 INFO  [restartedMain] org.springframework.boot.web.servlet.context.ServletWebServerApplicationContext : Root WebApplicationContext: initialization completed in 332 ms
2023-03-26 12:56:10,748 INFO  [restartedMain] org.springframework.scheduling.concurrent.ThreadPoolTaskExecutor : Initializing ExecutorService 'applicationTaskExecutor'
2023-03-26 12:56:10,853 INFO  [restartedMain] org.springframework.boot.devtools.autoconfigure.OptionalLiveReloadServer : LiveReload server is running on port 35729
2023-03-26 12:56:10,856 INFO  [restartedMain] org.springframework.boot.actuate.endpoint.web.EndpointLinksResolver : Exposing 2 endpoint(s) beneath base path '/actuator'
2023-03-26 12:56:10,878 INFO  [restartedMain] org.springframework.boot.web.embedded.tomcat.TomcatWebServer : Tomcat started on port(s): 8080 (http) with context path '/msvcvd-correo/v1'
2023-03-26 12:56:10,878 INFO  [restartedMain] mx.gob.imss.cit.vcvd.correo.MsvcvdCorreoApplication : Started MsvcvdCorreoApplication in 0.6 seconds (JVM running for 903.085)
2023-03-26 12:56:10,880 INFO  [restartedMain] org.springframework.boot.devtools.autoconfigure.ConditionEvaluationDeltaLoggingListener : Condition evaluation unchanged
2023-03-26 12:57:26,207 INFO  [Thread-79] org.springframework.scheduling.concurrent.ThreadPoolTaskExecutor : Shutting down ExecutorService 'applicationTaskExecutor'
2023-03-26 12:57:26,513 INFO  [restartedMain] mx.gob.imss.cit.vcvd.correo.MsvcvdCorreoApplication : Starting MsvcvdCorreoApplication on DESKTOP-LLT2J66 with PID 5524 (C:\Users\Desarrollo\git\msvcvd-correo\target\classes started by Desarrollo in C:\Users\Desarrollo\git\msvcvd-correo)
2023-03-26 12:57:26,513 DEBUG [restartedMain] mx.gob.imss.cit.vcvd.correo.MsvcvdCorreoApplication : Running with Spring Boot v2.2.11.RELEASE, Spring v5.2.10.RELEASE
2023-03-26 12:57:26,513 INFO  [restartedMain] mx.gob.imss.cit.vcvd.correo.MsvcvdCorreoApplication : No active profile set, falling back to default profiles: default
2023-03-26 12:57:26,826 INFO  [restartedMain] org.springframework.boot.web.embedded.tomcat.TomcatWebServer : Tomcat initialized with port(s): 8080 (http)
2023-03-26 12:57:26,827 INFO  [restartedMain] org.apache.catalina.core.StandardService : Starting service [Tomcat]
2023-03-26 12:57:26,827 INFO  [restartedMain] org.apache.catalina.core.StandardEngine : Starting Servlet engine: [Apache Tomcat/9.0.39]
2023-03-26 12:57:26,840 INFO  [restartedMain] org.apache.catalina.core.ContainerBase.[Tomcat-1].[localhost].[/msvcvd-correo/v1] : Initializing Spring embedded WebApplicationContext
2023-03-26 12:57:26,840 INFO  [restartedMain] org.springframework.boot.web.servlet.context.ServletWebServerApplicationContext : Root WebApplicationContext: initialization completed in 324 ms
2023-03-26 12:57:26,914 INFO  [restartedMain] org.springframework.scheduling.concurrent.ThreadPoolTaskExecutor : Initializing ExecutorService 'applicationTaskExecutor'
2023-03-26 12:57:26,995 INFO  [restartedMain] org.springframework.boot.devtools.autoconfigure.OptionalLiveReloadServer : LiveReload server is running on port 35729
2023-03-26 12:57:26,998 INFO  [restartedMain] org.springframework.boot.actuate.endpoint.web.EndpointLinksResolver : Exposing 2 endpoint(s) beneath base path '/actuator'
2023-03-26 12:57:27,016 INFO  [restartedMain] org.springframework.boot.web.embedded.tomcat.TomcatWebServer : Tomcat started on port(s): 8080 (http) with context path '/msvcvd-correo/v1'
2023-03-26 12:57:27,017 INFO  [restartedMain] mx.gob.imss.cit.vcvd.correo.MsvcvdCorreoApplication : Started MsvcvdCorreoApplication in 0.536 seconds (JVM running for 979.224)
2023-03-26 12:57:27,018 INFO  [restartedMain] org.springframework.boot.devtools.autoconfigure.ConditionEvaluationDeltaLoggingListener : Condition evaluation unchanged
2023-03-26 12:58:15,903 INFO  [Thread-87] org.springframework.scheduling.concurrent.ThreadPoolTaskExecutor : Shutting down ExecutorService 'applicationTaskExecutor'
2023-03-26 12:58:16,223 INFO  [restartedMain] mx.gob.imss.cit.vcvd.correo.MsvcvdCorreoApplication : Starting MsvcvdCorreoApplication on DESKTOP-LLT2J66 with PID 5524 (C:\Users\Desarrollo\git\msvcvd-correo\target\classes started by Desarrollo in C:\Users\Desarrollo\git\msvcvd-correo)
2023-03-26 12:58:16,223 DEBUG [restartedMain] mx.gob.imss.cit.vcvd.correo.MsvcvdCorreoApplication : Running with Spring Boot v2.2.11.RELEASE, Spring v5.2.10.RELEASE
2023-03-26 12:58:16,223 INFO  [restartedMain] mx.gob.imss.cit.vcvd.correo.MsvcvdCorreoApplication : No active profile set, falling back to default profiles: default
2023-03-26 12:58:16,535 INFO  [restartedMain] org.springframework.boot.web.embedded.tomcat.TomcatWebServer : Tomcat initialized with port(s): 8080 (http)
2023-03-26 12:58:16,535 INFO  [restartedMain] org.apache.catalina.core.StandardService : Starting service [Tomcat]
2023-03-26 12:58:16,535 INFO  [restartedMain] org.apache.catalina.core.StandardEngine : Starting Servlet engine: [Apache Tomcat/9.0.39]
2023-03-26 12:58:16,547 INFO  [restartedMain] org.apache.catalina.core.ContainerBase.[Tomcat-1].[localhost].[/msvcvd-correo/v1] : Initializing Spring embedded WebApplicationContext
2023-03-26 12:58:16,548 INFO  [restartedMain] org.springframework.boot.web.servlet.context.ServletWebServerApplicationContext : Root WebApplicationContext: initialization completed in 322 ms
2023-03-26 12:58:16,627 INFO  [restartedMain] org.springframework.scheduling.concurrent.ThreadPoolTaskExecutor : Initializing ExecutorService 'applicationTaskExecutor'
2023-03-26 12:58:16,708 INFO  [restartedMain] org.springframework.boot.devtools.autoconfigure.OptionalLiveReloadServer : LiveReload server is running on port 35729
2023-03-26 12:58:16,711 INFO  [restartedMain] org.springframework.boot.actuate.endpoint.web.EndpointLinksResolver : Exposing 2 endpoint(s) beneath base path '/actuator'
2023-03-26 12:58:16,730 INFO  [restartedMain] org.springframework.boot.web.embedded.tomcat.TomcatWebServer : Tomcat started on port(s): 8080 (http) with context path '/msvcvd-correo/v1'
2023-03-26 12:58:16,730 INFO  [restartedMain] mx.gob.imss.cit.vcvd.correo.MsvcvdCorreoApplication : Started MsvcvdCorreoApplication in 0.538 seconds (JVM running for 1028.937)
2023-03-26 12:58:16,732 INFO  [restartedMain] org.springframework.boot.devtools.autoconfigure.ConditionEvaluationDeltaLoggingListener : Condition evaluation unchanged
2023-03-26 12:58:35,704 INFO  [Thread-92] org.springframework.scheduling.concurrent.ThreadPoolTaskExecutor : Shutting down ExecutorService 'applicationTaskExecutor'
2023-03-26 12:58:35,998 INFO  [restartedMain] mx.gob.imss.cit.vcvd.correo.MsvcvdCorreoApplication : Starting MsvcvdCorreoApplication on DESKTOP-LLT2J66 with PID 5524 (C:\Users\Desarrollo\git\msvcvd-correo\target\classes started by Desarrollo in C:\Users\Desarrollo\git\msvcvd-correo)
2023-03-26 12:58:35,998 DEBUG [restartedMain] mx.gob.imss.cit.vcvd.correo.MsvcvdCorreoApplication : Running with Spring Boot v2.2.11.RELEASE, Spring v5.2.10.RELEASE
2023-03-26 12:58:35,998 INFO  [restartedMain] mx.gob.imss.cit.vcvd.correo.MsvcvdCorreoApplication : No active profile set, falling back to default profiles: default
2023-03-26 12:58:36,311 INFO  [restartedMain] org.springframework.boot.web.embedded.tomcat.TomcatWebServer : Tomcat initialized with port(s): 8080 (http)
2023-03-26 12:58:36,311 INFO  [restartedMain] org.apache.catalina.core.StandardService : Starting service [Tomcat]
2023-03-26 12:58:36,311 INFO  [restartedMain] org.apache.catalina.core.StandardEngine : Starting Servlet engine: [Apache Tomcat/9.0.39]
2023-03-26 12:58:36,324 INFO  [restartedMain] org.apache.catalina.core.ContainerBase.[Tomcat-1].[localhost].[/msvcvd-correo/v1] : Initializing Spring embedded WebApplicationContext
2023-03-26 12:58:36,324 INFO  [restartedMain] org.springframework.boot.web.servlet.context.ServletWebServerApplicationContext : Root WebApplicationContext: initialization completed in 323 ms
2023-03-26 12:58:36,397 INFO  [restartedMain] org.springframework.scheduling.concurrent.ThreadPoolTaskExecutor : Initializing ExecutorService 'applicationTaskExecutor'
2023-03-26 12:58:36,474 INFO  [restartedMain] org.springframework.boot.devtools.autoconfigure.OptionalLiveReloadServer : LiveReload server is running on port 35729
2023-03-26 12:58:36,476 INFO  [restartedMain] org.springframework.boot.actuate.endpoint.web.EndpointLinksResolver : Exposing 2 endpoint(s) beneath base path '/actuator'
2023-03-26 12:58:36,493 INFO  [restartedMain] org.springframework.boot.web.embedded.tomcat.TomcatWebServer : Tomcat started on port(s): 8080 (http) with context path '/msvcvd-correo/v1'
2023-03-26 12:58:36,494 INFO  [restartedMain] mx.gob.imss.cit.vcvd.correo.MsvcvdCorreoApplication : Started MsvcvdCorreoApplication in 0.535 seconds (JVM running for 1048.701)
2023-03-26 12:58:36,496 INFO  [restartedMain] org.springframework.boot.devtools.autoconfigure.ConditionEvaluationDeltaLoggingListener : Condition evaluation unchanged
2023-03-26 12:58:54,523 INFO  [Thread-97] org.springframework.scheduling.concurrent.ThreadPoolTaskExecutor : Shutting down ExecutorService 'applicationTaskExecutor'
2023-03-26 12:58:54,837 INFO  [restartedMain] mx.gob.imss.cit.vcvd.correo.MsvcvdCorreoApplication : Starting MsvcvdCorreoApplication on DESKTOP-LLT2J66 with PID 5524 (C:\Users\Desarrollo\git\msvcvd-correo\target\classes started by Desarrollo in C:\Users\Desarrollo\git\msvcvd-correo)
2023-03-26 12:58:54,837 DEBUG [restartedMain] mx.gob.imss.cit.vcvd.correo.MsvcvdCorreoApplication : Running with Spring Boot v2.2.11.RELEASE, Spring v5.2.10.RELEASE
2023-03-26 12:58:54,838 INFO  [restartedMain] mx.gob.imss.cit.vcvd.correo.MsvcvdCorreoApplication : No active profile set, falling back to default profiles: default
2023-03-26 12:58:55,124 INFO  [restartedMain] org.springframework.boot.web.embedded.tomcat.TomcatWebServer : Tomcat initialized with port(s): 8080 (http)
2023-03-26 12:58:55,124 INFO  [restartedMain] org.apache.catalina.core.StandardService : Starting service [Tomcat]
2023-03-26 12:58:55,124 INFO  [restartedMain] org.apache.catalina.core.StandardEngine : Starting Servlet engine: [Apache Tomcat/9.0.39]
2023-03-26 12:58:55,136 INFO  [restartedMain] org.apache.catalina.core.ContainerBase.[Tomcat-1].[localhost].[/msvcvd-correo/v1] : Initializing Spring embedded WebApplicationContext
2023-03-26 12:58:55,137 INFO  [restartedMain] org.springframework.boot.web.servlet.context.ServletWebServerApplicationContext : Root WebApplicationContext: initialization completed in 297 ms
2023-03-26 12:58:55,199 INFO  [restartedMain] org.springframework.scheduling.concurrent.ThreadPoolTaskExecutor : Initializing ExecutorService 'applicationTaskExecutor'
2023-03-26 12:58:55,278 INFO  [restartedMain] org.springframework.boot.devtools.autoconfigure.OptionalLiveReloadServer : LiveReload server is running on port 35729
2023-03-26 12:58:55,281 INFO  [restartedMain] org.springframework.boot.actuate.endpoint.web.EndpointLinksResolver : Exposing 2 endpoint(s) beneath base path '/actuator'
2023-03-26 12:58:55,298 INFO  [restartedMain] org.springframework.boot.web.embedded.tomcat.TomcatWebServer : Tomcat started on port(s): 8080 (http) with context path '/msvcvd-correo/v1'
2023-03-26 12:58:55,298 INFO  [restartedMain] mx.gob.imss.cit.vcvd.correo.MsvcvdCorreoApplication : Started MsvcvdCorreoApplication in 0.494 seconds (JVM running for 1067.506)
2023-03-26 12:58:55,300 INFO  [restartedMain] org.springframework.boot.devtools.autoconfigure.ConditionEvaluationDeltaLoggingListener : Condition evaluation unchanged
2023-03-26 12:59:31,365 INFO  [Thread-102] org.springframework.scheduling.concurrent.ThreadPoolTaskExecutor : Shutting down ExecutorService 'applicationTaskExecutor'
2023-03-26 12:59:31,639 INFO  [restartedMain] mx.gob.imss.cit.vcvd.correo.MsvcvdCorreoApplication : Starting MsvcvdCorreoApplication on DESKTOP-LLT2J66 with PID 5524 (C:\Users\Desarrollo\git\msvcvd-correo\target\classes started by Desarrollo in C:\Users\Desarrollo\git\msvcvd-correo)
2023-03-26 12:59:31,640 DEBUG [restartedMain] mx.gob.imss.cit.vcvd.correo.MsvcvdCorreoApplication : Running with Spring Boot v2.2.11.RELEASE, Spring v5.2.10.RELEASE
2023-03-26 12:59:31,640 INFO  [restartedMain] mx.gob.imss.cit.vcvd.correo.MsvcvdCorreoApplication : No active profile set, falling back to default profiles: default
2023-03-26 12:59:32,003 INFO  [restartedMain] org.springframework.boot.web.embedded.tomcat.TomcatWebServer : Tomcat initialized with port(s): 8080 (http)
2023-03-26 12:59:32,003 INFO  [restartedMain] org.apache.catalina.core.StandardService : Starting service [Tomcat]
2023-03-26 12:59:32,003 INFO  [restartedMain] org.apache.catalina.core.StandardEngine : Starting Servlet engine: [Apache Tomcat/9.0.39]
2023-03-26 12:59:32,017 INFO  [restartedMain] org.apache.catalina.core.ContainerBase.[Tomcat-1].[localhost].[/msvcvd-correo/v1] : Initializing Spring embedded WebApplicationContext
2023-03-26 12:59:32,017 INFO  [restartedMain] org.springframework.boot.web.servlet.context.ServletWebServerApplicationContext : Root WebApplicationContext: initialization completed in 374 ms
2023-03-26 12:59:32,103 INFO  [restartedMain] org.springframework.scheduling.concurrent.ThreadPoolTaskExecutor : Initializing ExecutorService 'applicationTaskExecutor'
2023-03-26 12:59:32,192 INFO  [restartedMain] org.springframework.boot.devtools.autoconfigure.OptionalLiveReloadServer : LiveReload server is running on port 35729
2023-03-26 12:59:32,195 INFO  [restartedMain] org.springframework.boot.actuate.endpoint.web.EndpointLinksResolver : Exposing 2 endpoint(s) beneath base path '/actuator'
2023-03-26 12:59:32,223 INFO  [restartedMain] org.springframework.boot.web.embedded.tomcat.TomcatWebServer : Tomcat started on port(s): 8080 (http) with context path '/msvcvd-correo/v1'
2023-03-26 12:59:32,224 INFO  [restartedMain] mx.gob.imss.cit.vcvd.correo.MsvcvdCorreoApplication : Started MsvcvdCorreoApplication in 0.617 seconds (JVM running for 1104.43)
2023-03-26 12:59:32,225 INFO  [restartedMain] org.springframework.boot.devtools.autoconfigure.ConditionEvaluationDeltaLoggingListener : Condition evaluation unchanged
2023-03-26 12:59:41,892 INFO  [Thread-107] org.springframework.scheduling.concurrent.ThreadPoolTaskExecutor : Shutting down ExecutorService 'applicationTaskExecutor'
2023-03-26 12:59:42,205 INFO  [restartedMain] mx.gob.imss.cit.vcvd.correo.MsvcvdCorreoApplication : Starting MsvcvdCorreoApplication on DESKTOP-LLT2J66 with PID 5524 (C:\Users\Desarrollo\git\msvcvd-correo\target\classes started by Desarrollo in C:\Users\Desarrollo\git\msvcvd-correo)
2023-03-26 12:59:42,206 DEBUG [restartedMain] mx.gob.imss.cit.vcvd.correo.MsvcvdCorreoApplication : Running with Spring Boot v2.2.11.RELEASE, Spring v5.2.10.RELEASE
2023-03-26 12:59:42,206 INFO  [restartedMain] mx.gob.imss.cit.vcvd.correo.MsvcvdCorreoApplication : No active profile set, falling back to default profiles: default
2023-03-26 12:59:42,496 INFO  [restartedMain] org.springframework.boot.web.embedded.tomcat.TomcatWebServer : Tomcat initialized with port(s): 8080 (http)
2023-03-26 12:59:42,496 INFO  [restartedMain] org.apache.catalina.core.StandardService : Starting service [Tomcat]
2023-03-26 12:59:42,497 INFO  [restartedMain] org.apache.catalina.core.StandardEngine : Starting Servlet engine: [Apache Tomcat/9.0.39]
2023-03-26 12:59:42,509 INFO  [restartedMain] org.apache.catalina.core.ContainerBase.[Tomcat-1].[localhost].[/msvcvd-correo/v1] : Initializing Spring embedded WebApplicationContext
2023-03-26 12:59:42,509 INFO  [restartedMain] org.springframework.boot.web.servlet.context.ServletWebServerApplicationContext : Root WebApplicationContext: initialization completed in 300 ms
2023-03-26 12:59:42,571 INFO  [restartedMain] org.springframework.scheduling.concurrent.ThreadPoolTaskExecutor : Initializing ExecutorService 'applicationTaskExecutor'
2023-03-26 12:59:42,657 INFO  [restartedMain] org.springframework.boot.devtools.autoconfigure.OptionalLiveReloadServer : LiveReload server is running on port 35729
2023-03-26 12:59:42,659 INFO  [restartedMain] org.springframework.boot.actuate.endpoint.web.EndpointLinksResolver : Exposing 2 endpoint(s) beneath base path '/actuator'
2023-03-26 12:59:42,677 INFO  [restartedMain] org.springframework.boot.web.embedded.tomcat.TomcatWebServer : Tomcat started on port(s): 8080 (http) with context path '/msvcvd-correo/v1'
2023-03-26 12:59:42,678 INFO  [restartedMain] mx.gob.imss.cit.vcvd.correo.MsvcvdCorreoApplication : Started MsvcvdCorreoApplication in 0.501 seconds (JVM running for 1114.885)
2023-03-26 12:59:42,679 INFO  [restartedMain] org.springframework.boot.devtools.autoconfigure.ConditionEvaluationDeltaLoggingListener : Condition evaluation unchanged
2023-03-26 13:00:13,429 INFO  [Thread-112] org.springframework.scheduling.concurrent.ThreadPoolTaskExecutor : Shutting down ExecutorService 'applicationTaskExecutor'
2023-03-26 13:00:13,743 INFO  [restartedMain] mx.gob.imss.cit.vcvd.correo.MsvcvdCorreoApplication : Starting MsvcvdCorreoApplication on DESKTOP-LLT2J66 with PID 5524 (C:\Users\Desarrollo\git\msvcvd-correo\target\classes started by Desarrollo in C:\Users\Desarrollo\git\msvcvd-correo)
2023-03-26 13:00:13,744 DEBUG [restartedMain] mx.gob.imss.cit.vcvd.correo.MsvcvdCorreoApplication : Running with Spring Boot v2.2.11.RELEASE, Spring v5.2.10.RELEASE
2023-03-26 13:00:13,744 INFO  [restartedMain] mx.gob.imss.cit.vcvd.correo.MsvcvdCorreoApplication : No active profile set, falling back to default profiles: default
2023-03-26 13:00:14,157 INFO  [restartedMain] org.springframework.boot.web.embedded.tomcat.TomcatWebServer : Tomcat initialized with port(s): 8080 (http)
2023-03-26 13:00:14,158 INFO  [restartedMain] org.apache.catalina.core.StandardService : Starting service [Tomcat]
2023-03-26 13:00:14,158 INFO  [restartedMain] org.apache.catalina.core.StandardEngine : Starting Servlet engine: [Apache Tomcat/9.0.39]
2023-03-26 13:00:14,179 INFO  [restartedMain] org.apache.catalina.core.ContainerBase.[Tomcat-1].[localhost].[/msvcvd-correo/v1] : Initializing Spring embedded WebApplicationContext
2023-03-26 13:00:14,179 INFO  [restartedMain] org.springframework.boot.web.servlet.context.ServletWebServerApplicationContext : Root WebApplicationContext: initialization completed in 432 ms
2023-03-26 13:00:14,249 WARN  [restartedMain] org.springframework.boot.web.servlet.context.AnnotationConfigServletWebServerApplicationContext : Exception encountered during context initialization - cancelling refresh attempt: org.springframework.beans.factory.BeanCreationException: Error creating bean with name 'correoServiceImpl': Lookup method resolution failed; nested exception is java.lang.IllegalStateException: Failed to introspect Class [mx.gob.imss.cit.vcvd.correo.service.impl.CorreoServiceImpl] from ClassLoader [org.springframework.boot.devtools.restart.classloader.RestartClassLoader@7fd8f]
2023-03-26 13:00:14,250 INFO  [restartedMain] org.apache.catalina.core.StandardService : Stopping service [Tomcat]
2023-03-26 13:00:14,261 INFO  [restartedMain] org.springframework.boot.autoconfigure.logging.ConditionEvaluationReportLoggingListener : 

Error starting ApplicationContext. To display the conditions report re-run your application with 'debug' enabled.
2023-03-26 13:00:14,271 ERROR [restartedMain] org.springframework.boot.SpringApplication : Application run failed
org.springframework.beans.factory.BeanCreationException: Error creating bean with name 'correoServiceImpl': Lookup method resolution failed; nested exception is java.lang.IllegalStateException: Failed to introspect Class [mx.gob.imss.cit.vcvd.correo.service.impl.CorreoServiceImpl] from ClassLoader [org.springframework.boot.devtools.restart.classloader.RestartClassLoader@7fd8f]
	at org.springframework.beans.factory.annotation.AutowiredAnnotationBeanPostProcessor.determineCandidateConstructors(AutowiredAnnotationBeanPostProcessor.java:289) ~[spring-beans-5.2.10.RELEASE.jar:5.2.10.RELEASE]
	at org.springframework.beans.factory.support.AbstractAutowireCapableBeanFactory.determineConstructorsFromBeanPostProcessors(AbstractAutowireCapableBeanFactory.java:1285) ~[spring-beans-5.2.10.RELEASE.jar:5.2.10.RELEASE]
	at org.springframework.beans.factory.support.AbstractAutowireCapableBeanFactory.createBeanInstance(AbstractAutowireCapableBeanFactory.java:1200) ~[spring-beans-5.2.10.RELEASE.jar:5.2.10.RELEASE]
	at org.springframework.beans.factory.support.AbstractAutowireCapableBeanFactory.doCreateBean(AbstractAutowireCapableBeanFactory.java:556) ~[spring-beans-5.2.10.RELEASE.jar:5.2.10.RELEASE]
	at org.springframework.beans.factory.support.AbstractAutowireCapableBeanFactory.createBean(AbstractAutowireCapableBeanFactory.java:516) ~[spring-beans-5.2.10.RELEASE.jar:5.2.10.RELEASE]
	at org.springframework.beans.factory.support.AbstractBeanFactory.lambda$doGetBean$0(AbstractBeanFactory.java:324) ~[spring-beans-5.2.10.RELEASE.jar:5.2.10.RELEASE]
	at org.springframework.beans.factory.support.DefaultSingletonBeanRegistry.getSingleton(DefaultSingletonBeanRegistry.java:234) ~[spring-beans-5.2.10.RELEASE.jar:5.2.10.RELEASE]
	at org.springframework.beans.factory.support.AbstractBeanFactory.doGetBean(AbstractBeanFactory.java:322) ~[spring-beans-5.2.10.RELEASE.jar:5.2.10.RELEASE]
	at org.springframework.beans.factory.support.AbstractBeanFactory.getBean(AbstractBeanFactory.java:202) ~[spring-beans-5.2.10.RELEASE.jar:5.2.10.RELEASE]
	at org.springframework.beans.factory.support.DefaultListableBeanFactory.preInstantiateSingletons(DefaultListableBeanFactory.java:897) ~[spring-beans-5.2.10.RELEASE.jar:5.2.10.RELEASE]
	at org.springframework.context.support.AbstractApplicationContext.finishBeanFactoryInitialization(AbstractApplicationContext.java:879) ~[spring-context-5.2.10.RELEASE.jar:5.2.10.RELEASE]
	at org.springframework.context.support.AbstractApplicationContext.refresh(AbstractApplicationContext.java:551) ~[spring-context-5.2.10.RELEASE.jar:5.2.10.RELEASE]
	at org.springframework.boot.web.servlet.context.ServletWebServerApplicationContext.refresh(ServletWebServerApplicationContext.java:141) ~[spring-boot-2.2.11.RELEASE.jar:2.2.11.RELEASE]
	at org.springframework.boot.SpringApplication.refresh(SpringApplication.java:747) [spring-boot-2.2.11.RELEASE.jar:2.2.11.RELEASE]
	at org.springframework.boot.SpringApplication.refreshContext(SpringApplication.java:405) [spring-boot-2.2.11.RELEASE.jar:2.2.11.RELEASE]
	at org.springframework.boot.SpringApplication.run(SpringApplication.java:315) [spring-boot-2.2.11.RELEASE.jar:2.2.11.RELEASE]
	at org.springframework.boot.SpringApplication.run(SpringApplication.java:1226) [spring-boot-2.2.11.RELEASE.jar:2.2.11.RELEASE]
	at org.springframework.boot.SpringApplication.run(SpringApplication.java:1215) [spring-boot-2.2.11.RELEASE.jar:2.2.11.RELEASE]
	at mx.gob.imss.cit.vcvd.correo.MsvcvdCorreoApplication.main(MsvcvdCorreoApplication.java:10) [classes/:na]
	at sun.reflect.NativeMethodAccessorImpl.invoke0(Native Method) ~[na:1.8.0_361]
	at sun.reflect.NativeMethodAccessorImpl.invoke(Unknown Source) ~[na:1.8.0_361]
	at sun.reflect.DelegatingMethodAccessorImpl.invoke(Unknown Source) ~[na:1.8.0_361]
	at java.lang.reflect.Method.invoke(Unknown Source) ~[na:1.8.0_361]
	at org.springframework.boot.devtools.restart.RestartLauncher.run(RestartLauncher.java:49) [spring-boot-devtools-2.2.11.RELEASE.jar:2.2.11.RELEASE]
Caused by: java.lang.IllegalStateException: Failed to introspect Class [mx.gob.imss.cit.vcvd.correo.service.impl.CorreoServiceImpl] from ClassLoader [org.springframework.boot.devtools.restart.classloader.RestartClassLoader@7fd8f]
	at org.springframework.util.ReflectionUtils.getDeclaredMethods(ReflectionUtils.java:481) ~[spring-core-5.2.10.RELEASE.jar:5.2.10.RELEASE]
	at org.springframework.util.ReflectionUtils.doWithLocalMethods(ReflectionUtils.java:321) ~[spring-core-5.2.10.RELEASE.jar:5.2.10.RELEASE]
	at org.springframework.beans.factory.annotation.AutowiredAnnotationBeanPostProcessor.determineCandidateConstructors(AutowiredAnnotationBeanPostProcessor.java:267) ~[spring-beans-5.2.10.RELEASE.jar:5.2.10.RELEASE]
	... 23 common frames omitted
Caused by: java.lang.NoClassDefFoundError: mx/gob/imss/cit/vcvd/correo/exceptions/BusinessException
	at java.lang.Class.getDeclaredMethods0(Native Method) ~[na:1.8.0_361]
	at java.lang.Class.privateGetDeclaredMethods(Unknown Source) ~[na:1.8.0_361]
	at java.lang.Class.getDeclaredMethods(Unknown Source) ~[na:1.8.0_361]
	at org.springframework.util.ReflectionUtils.getDeclaredMethods(ReflectionUtils.java:463) ~[spring-core-5.2.10.RELEASE.jar:5.2.10.RELEASE]
	... 25 common frames omitted
Caused by: java.lang.ClassNotFoundException: mx.gob.imss.cit.vcvd.correo.exceptions.BusinessException
	at java.net.URLClassLoader.findClass(Unknown Source) ~[na:1.8.0_361]
	at java.lang.ClassLoader.loadClass(Unknown Source) ~[na:1.8.0_361]
	at sun.misc.Launcher$AppClassLoader.loadClass(Unknown Source) ~[na:1.8.0_361]
	at java.lang.ClassLoader.loadClass(Unknown Source) ~[na:1.8.0_361]
	at org.springframework.boot.devtools.restart.classloader.RestartClassLoader.loadClass(RestartClassLoader.java:144) ~[spring-boot-devtools-2.2.11.RELEASE.jar:2.2.11.RELEASE]
	at java.lang.ClassLoader.loadClass(Unknown Source) ~[na:1.8.0_361]
	... 29 common frames omitted
2023-03-26 13:00:45,085 INFO  [restartedMain] mx.gob.imss.cit.vcvd.correo.MsvcvdCorreoApplication : Starting MsvcvdCorreoApplication on DESKTOP-LLT2J66 with PID 5524 (C:\Users\Desarrollo\git\msvcvd-correo\target\classes started by Desarrollo in C:\Users\Desarrollo\git\msvcvd-correo)
2023-03-26 13:00:45,085 DEBUG [restartedMain] mx.gob.imss.cit.vcvd.correo.MsvcvdCorreoApplication : Running with Spring Boot v2.2.11.RELEASE, Spring v5.2.10.RELEASE
2023-03-26 13:00:45,085 INFO  [restartedMain] mx.gob.imss.cit.vcvd.correo.MsvcvdCorreoApplication : No active profile set, falling back to default profiles: default
2023-03-26 13:00:45,418 INFO  [restartedMain] org.springframework.boot.web.embedded.tomcat.TomcatWebServer : Tomcat initialized with port(s): 8080 (http)
2023-03-26 13:00:45,419 INFO  [restartedMain] org.apache.catalina.core.StandardService : Starting service [Tomcat]
2023-03-26 13:00:45,419 INFO  [restartedMain] org.apache.catalina.core.StandardEngine : Starting Servlet engine: [Apache Tomcat/9.0.39]
2023-03-26 13:00:45,436 INFO  [restartedMain] org.apache.catalina.core.ContainerBase.[Tomcat-2].[localhost].[/msvcvd-correo/v1] : Initializing Spring embedded WebApplicationContext
2023-03-26 13:00:45,436 INFO  [restartedMain] org.springframework.boot.web.servlet.context.ServletWebServerApplicationContext : Root WebApplicationContext: initialization completed in 348 ms
2023-03-26 13:00:45,543 INFO  [restartedMain] org.springframework.scheduling.concurrent.ThreadPoolTaskExecutor : Initializing ExecutorService 'applicationTaskExecutor'
2023-03-26 13:00:45,656 INFO  [restartedMain] org.springframework.boot.devtools.autoconfigure.OptionalLiveReloadServer : LiveReload server is running on port 35729
2023-03-26 13:00:45,660 INFO  [restartedMain] org.springframework.boot.actuate.endpoint.web.EndpointLinksResolver : Exposing 2 endpoint(s) beneath base path '/actuator'
2023-03-26 13:00:45,692 INFO  [restartedMain] org.springframework.boot.web.embedded.tomcat.TomcatWebServer : Tomcat started on port(s): 8080 (http) with context path '/msvcvd-correo/v1'
2023-03-26 13:00:45,693 INFO  [restartedMain] mx.gob.imss.cit.vcvd.correo.MsvcvdCorreoApplication : Started MsvcvdCorreoApplication in 0.652 seconds (JVM running for 1177.901)
2023-03-26 13:00:45,695 INFO  [restartedMain] org.springframework.boot.devtools.autoconfigure.ConditionEvaluationDeltaLoggingListener : Condition evaluation unchanged
2023-03-26 13:00:58,444 INFO  [Thread-117] org.springframework.scheduling.concurrent.ThreadPoolTaskExecutor : Shutting down ExecutorService 'applicationTaskExecutor'
2023-03-26 13:00:58,748 INFO  [restartedMain] mx.gob.imss.cit.vcvd.correo.MsvcvdCorreoApplication : Starting MsvcvdCorreoApplication on DESKTOP-LLT2J66 with PID 5524 (C:\Users\Desarrollo\git\msvcvd-correo\target\classes started by Desarrollo in C:\Users\Desarrollo\git\msvcvd-correo)
2023-03-26 13:00:58,749 DEBUG [restartedMain] mx.gob.imss.cit.vcvd.correo.MsvcvdCorreoApplication : Running with Spring Boot v2.2.11.RELEASE, Spring v5.2.10.RELEASE
2023-03-26 13:00:58,749 INFO  [restartedMain] mx.gob.imss.cit.vcvd.correo.MsvcvdCorreoApplication : No active profile set, falling back to default profiles: default
2023-03-26 13:00:59,061 INFO  [restartedMain] org.springframework.boot.web.embedded.tomcat.TomcatWebServer : Tomcat initialized with port(s): 8080 (http)
2023-03-26 13:00:59,061 INFO  [restartedMain] org.apache.catalina.core.StandardService : Starting service [Tomcat]
2023-03-26 13:00:59,061 INFO  [restartedMain] org.apache.catalina.core.StandardEngine : Starting Servlet engine: [Apache Tomcat/9.0.39]
2023-03-26 13:00:59,074 INFO  [restartedMain] org.apache.catalina.core.ContainerBase.[Tomcat-2].[localhost].[/msvcvd-correo/v1] : Initializing Spring embedded WebApplicationContext
2023-03-26 13:00:59,074 INFO  [restartedMain] org.springframework.boot.web.servlet.context.ServletWebServerApplicationContext : Root WebApplicationContext: initialization completed in 323 ms
2023-03-26 13:00:59,139 INFO  [restartedMain] org.springframework.scheduling.concurrent.ThreadPoolTaskExecutor : Initializing ExecutorService 'applicationTaskExecutor'
2023-03-26 13:00:59,218 INFO  [restartedMain] org.springframework.boot.devtools.autoconfigure.OptionalLiveReloadServer : LiveReload server is running on port 35729
2023-03-26 13:00:59,221 INFO  [restartedMain] org.springframework.boot.actuate.endpoint.web.EndpointLinksResolver : Exposing 2 endpoint(s) beneath base path '/actuator'
2023-03-26 13:00:59,238 INFO  [restartedMain] org.springframework.boot.web.embedded.tomcat.TomcatWebServer : Tomcat started on port(s): 8080 (http) with context path '/msvcvd-correo/v1'
2023-03-26 13:00:59,239 INFO  [restartedMain] mx.gob.imss.cit.vcvd.correo.MsvcvdCorreoApplication : Started MsvcvdCorreoApplication in 0.524 seconds (JVM running for 1191.446)
2023-03-26 13:00:59,241 INFO  [restartedMain] org.springframework.boot.devtools.autoconfigure.ConditionEvaluationDeltaLoggingListener : Condition evaluation unchanged
2023-03-26 13:01:15,128 INFO  [Thread-125] org.springframework.scheduling.concurrent.ThreadPoolTaskExecutor : Shutting down ExecutorService 'applicationTaskExecutor'
2023-03-26 13:01:15,420 INFO  [restartedMain] mx.gob.imss.cit.vcvd.correo.MsvcvdCorreoApplication : Starting MsvcvdCorreoApplication on DESKTOP-LLT2J66 with PID 5524 (C:\Users\Desarrollo\git\msvcvd-correo\target\classes started by Desarrollo in C:\Users\Desarrollo\git\msvcvd-correo)
2023-03-26 13:01:15,420 DEBUG [restartedMain] mx.gob.imss.cit.vcvd.correo.MsvcvdCorreoApplication : Running with Spring Boot v2.2.11.RELEASE, Spring v5.2.10.RELEASE
2023-03-26 13:01:15,420 INFO  [restartedMain] mx.gob.imss.cit.vcvd.correo.MsvcvdCorreoApplication : No active profile set, falling back to default profiles: default
2023-03-26 13:01:15,696 INFO  [restartedMain] org.springframework.boot.web.embedded.tomcat.TomcatWebServer : Tomcat initialized with port(s): 8080 (http)
2023-03-26 13:01:15,697 INFO  [restartedMain] org.apache.catalina.core.StandardService : Starting service [Tomcat]
2023-03-26 13:01:15,697 INFO  [restartedMain] org.apache.catalina.core.StandardEngine : Starting Servlet engine: [Apache Tomcat/9.0.39]
2023-03-26 13:01:15,710 INFO  [restartedMain] org.apache.catalina.core.ContainerBase.[Tomcat-2].[localhost].[/msvcvd-correo/v1] : Initializing Spring embedded WebApplicationContext
2023-03-26 13:01:15,710 INFO  [restartedMain] org.springframework.boot.web.servlet.context.ServletWebServerApplicationContext : Root WebApplicationContext: initialization completed in 288 ms
2023-03-26 13:01:15,768 INFO  [restartedMain] org.springframework.scheduling.concurrent.ThreadPoolTaskExecutor : Initializing ExecutorService 'applicationTaskExecutor'
2023-03-26 13:01:15,850 INFO  [restartedMain] org.springframework.boot.devtools.autoconfigure.OptionalLiveReloadServer : LiveReload server is running on port 35729
2023-03-26 13:01:15,853 INFO  [restartedMain] org.springframework.boot.actuate.endpoint.web.EndpointLinksResolver : Exposing 2 endpoint(s) beneath base path '/actuator'
2023-03-26 13:01:15,871 INFO  [restartedMain] org.springframework.boot.web.embedded.tomcat.TomcatWebServer : Tomcat started on port(s): 8080 (http) with context path '/msvcvd-correo/v1'
2023-03-26 13:01:15,872 INFO  [restartedMain] mx.gob.imss.cit.vcvd.correo.MsvcvdCorreoApplication : Started MsvcvdCorreoApplication in 0.481 seconds (JVM running for 1208.079)
2023-03-26 13:01:15,874 INFO  [restartedMain] org.springframework.boot.devtools.autoconfigure.ConditionEvaluationDeltaLoggingListener : Condition evaluation unchanged
2023-03-26 13:01:22,562 INFO  [RMI TCP Connection(51)-127.0.0.1] org.springframework.boot.admin.SpringApplicationAdminMXBeanRegistrar$SpringApplicationAdmin : Application shutdown requested.
2023-03-26 13:01:22,566 INFO  [RMI TCP Connection(51)-127.0.0.1] org.springframework.scheduling.concurrent.ThreadPoolTaskExecutor : Shutting down ExecutorService 'applicationTaskExecutor'
2023-03-26 13:01:24,724 INFO  [restartedMain] mx.ee.pr.correo.MsvcvdCorreoApplication : Starting MsvcvdCorreoApplication on DESKTOP-LLT2J66 with PID 12600 (C:\Users\Desarrollo\git\msvcvd-correo\target\classes started by Desarrollo in C:\Users\Desarrollo\git\msvcvd-correo)
2023-03-26 13:01:24,728 INFO  [restartedMain] mx.ee.pr.correo.MsvcvdCorreoApplication : No active profile set, falling back to default profiles: default
2023-03-26 13:01:24,799 INFO  [restartedMain] org.springframework.boot.devtools.env.DevToolsPropertyDefaultsPostProcessor : Devtools property defaults active! Set 'spring.devtools.add-properties' to 'false' to disable
2023-03-26 13:01:24,799 INFO  [restartedMain] org.springframework.boot.devtools.env.DevToolsPropertyDefaultsPostProcessor : For additional web related logging consider setting the 'logging.level.web' property to 'DEBUG'
2023-03-26 13:01:26,062 INFO  [restartedMain] org.springframework.boot.web.embedded.tomcat.TomcatWebServer : Tomcat initialized with port(s): 8080 (http)
2023-03-26 13:01:26,074 INFO  [restartedMain] org.apache.catalina.core.StandardService : Starting service [Tomcat]
2023-03-26 13:01:26,074 INFO  [restartedMain] org.apache.catalina.core.StandardEngine : Starting Servlet engine: [Apache Tomcat/9.0.39]
2023-03-26 13:01:26,162 INFO  [restartedMain] org.apache.catalina.core.ContainerBase.[Tomcat].[localhost].[/msvcvd-correo/v1] : Initializing Spring embedded WebApplicationContext
2023-03-26 13:01:26,163 INFO  [restartedMain] org.springframework.boot.web.servlet.context.ServletWebServerApplicationContext : Root WebApplicationContext: initialization completed in 1364 ms
2023-03-26 13:01:26,529 INFO  [restartedMain] org.springframework.scheduling.concurrent.ThreadPoolTaskExecutor : Initializing ExecutorService 'applicationTaskExecutor'
2023-03-26 13:01:26,882 INFO  [restartedMain] org.springframework.boot.devtools.autoconfigure.OptionalLiveReloadServer : LiveReload server is running on port 35729
2023-03-26 13:01:26,888 INFO  [restartedMain] org.springframework.boot.actuate.endpoint.web.EndpointLinksResolver : Exposing 2 endpoint(s) beneath base path '/actuator'
2023-03-26 13:01:26,943 INFO  [restartedMain] org.springframework.boot.web.embedded.tomcat.TomcatWebServer : Tomcat started on port(s): 8080 (http) with context path '/msvcvd-correo/v1'
2023-03-26 13:01:26,952 INFO  [restartedMain] mx.ee.pr.correo.MsvcvdCorreoApplication : Started MsvcvdCorreoApplication in 2.72 seconds (JVM running for 3.44)
2023-03-26 13:01:30,831 INFO  [http-nio-8080-exec-2] org.apache.catalina.core.ContainerBase.[Tomcat].[localhost].[/msvcvd-correo/v1] : Initializing Spring DispatcherServlet 'dispatcherServlet'
2023-03-26 13:01:30,832 INFO  [http-nio-8080-exec-2] org.springframework.web.servlet.DispatcherServlet : Initializing Servlet 'dispatcherServlet'
2023-03-26 13:01:30,838 INFO  [http-nio-8080-exec-2] org.springframework.web.servlet.DispatcherServlet : Completed initialization in 6 ms
2023-03-26 13:01:31,055 INFO  [http-nio-8080-exec-2] mx.ee.pr.correo.controller.CorreoController : Entrada a enviarCorreo: [commit.ramirez@gmail.com]
